Using pre-set license
Built from '2020.2/release' branch; Version is '2020.2.0f1 (3721df5a8b28) revision 3613151'; Using compiler version '192528614'; Build Type 'Release'
OS: 'Windows 10  (10.0.0) 64bit' Language: 'tr' Physical Memory: 16226 MB
BatchMode: 1, IsHumanControllingUs: 0, StartBugReporterOnCrash: 0, Is64bit: 1, IsPro: 0

 COMMAND LINE ARGUMENTS:
D:\Unity Editors\2020.2.0f1\Editor\Unity.exe
-adb2
-batchMode
-noUpm
-name
AssetImportWorker0
-projectPath
D:/ForkSc/gamejam_ALLSTAR
-logFile
Logs/AssetImportWorker0.log
-srvPort
50881
Successfully changed project path to: D:/ForkSc/gamejam_ALLSTAR
D:/ForkSc/gamejam_ALLSTAR
Using Asset Import Pipeline V2.
Refreshing native plugins compatible for Editor in 43.11 ms, found 1 plugins.
Preloading 0 native plugins for Editor in 0.00 ms.
Initialize engine version: 2020.2.0f1 (3721df5a8b28)
[Subsystems] Discovering subsystems at path D:/Unity Editors/2020.2.0f1/Editor/Data/Resources/UnitySubsystems
[Subsystems] Discovering subsystems at path D:/ForkSc/gamejam_ALLSTAR/Assets
GfxDevice: creating device client; threaded=0
Direct3D:
    Version:  Direct3D 11.0 [level 11.1]
    Renderer: NVIDIA GeForce GTX 1050 Ti (ID=0x1c8c)
    Vendor:   
    VRAM:     4018 MB
    Driver:   27.21.14.6089
Initialize mono
Mono path[0] = 'D:/Unity Editors/2020.2.0f1/Editor/Data/Managed'
Mono path[1] = 'D:/Unity Editors/2020.2.0f1/Editor/Data/MonoBleedingEdge/lib/mono/unityjit'
Mono config path = 'D:/Unity Editors/2020.2.0f1/Editor/Data/MonoBleedingEdge/etc'
Using monoOptions --debugger-agent=transport=dt_socket,embedding=1,server=y,suspend=n,address=127.0.0.1:56260
Begin MonoManager ReloadAssembly
Registering precompiled unity dll's ...
Register platform support module: D:/Unity Editors/2020.2.0f1/Editor/Data/PlaybackEngines/WebGLSupport/UnityEditor.WebGL.Extensions.dll
Register platform support module: D:/Unity Editors/2020.2.0f1/Editor/Data/PlaybackEngines/WindowsStandaloneSupport/UnityEditor.WindowsStandalone.Extensions.dll
Registered in 0.001086 seconds.
Native extension for WindowsStandalone target not found
Native extension for WebGL target not found
Refreshing native plugins compatible for Editor in 36.48 ms, found 1 plugins.
Preloading 0 native plugins for Editor in 0.00 ms.
Invoked RoslynAnalysisRunner static constructor.
RoslynAnalysisRunner will not be running.
RoslynAnalysisRunner has terminated.
Mono: successfully reloaded assembly
- Completed reload, in  0.907 seconds
Platform modules already initialized, skipping
Registering precompiled user dll's ...
Registered in 0.000700 seconds.
Begin MonoManager ReloadAssembly
Native extension for WindowsStandalone target not found
Native extension for WebGL target not found
Refreshing native plugins compatible for Editor in 46.82 ms, found 1 plugins.
Preloading 0 native plugins for Editor in 0.00 ms.
Invoked RoslynAnalysisRunner static constructor.
RoslynAnalysisRunner will not be running.
RoslynAnalysisRunner has terminated.
Mono: successfully reloaded assembly
- Completed reload, in  0.944 seconds
Platform modules already initialized, skipping
========================================================================
Worker process is ready to serve import requests
Launched and connected shader compiler UnityShaderCompiler.exe after 0.04 seconds
Refreshing native plugins compatible for Editor in 0.37 ms, found 1 plugins.
Preloading 0 native plugins for Editor in 0.00 ms.
Unloading 1963 Unused Serialized files (Serialized files now loaded: 0)
System memory in use before: 91.3 MB.
System memory in use after: 91.3 MB.

Unloading 25 unused Assets to reduce memory usage. Loaded Objects now: 2405.
Total: 1.891500 ms (FindLiveObjects: 0.212000 ms CreateObjectMapping: 0.079500 ms MarkObjects: 1.499700 ms  DeleteObjects: 0.099200 ms)

========================================================================
Received Import Request.
  path: Assets/Scenes/kidbulliesthechicken.unity
  artifactKey: Guid(685c3234337eda44aa5ab404a21a104d) Importer(815301076,1909f56bfc062723c751e8b465ee728b)
Start importing Assets/Scenes/kidbulliesthechicken.unity using Guid(685c3234337eda44aa5ab404a21a104d) Importer(815301076,1909f56bfc062723c751e8b465ee728b)  -> (artifact id: '999c0ee5b1edc69e3c259b5cb4b4d9a8') in 0.011081 seconds
  Import took 0.014097 seconds .

========================================================================
Received Import Request.
  Time since last request: 0.000200 seconds.
  path: Assets/Scenes/ManInGrave.unity
  artifactKey: Guid(5de18827703d8da4b8f62af2e1c1fe00) Importer(815301076,1909f56bfc062723c751e8b465ee728b)
Start importing Assets/Scenes/ManInGrave.unity using Guid(5de18827703d8da4b8f62af2e1c1fe00) Importer(815301076,1909f56bfc062723c751e8b465ee728b)  -> (artifact id: '4e7f2752e1c948ba549970d912a97b75') in 0.001666 seconds
  Import took 0.004568 seconds .

========================================================================
Received Import Request.
  Time since last request: 7.963267 seconds.
  path: Assets/Scenes/HumanScene.unity
  artifactKey: Guid(ec3f91e9aa41e454f9d08786fd35a177) Importer(815301076,1909f56bfc062723c751e8b465ee728b)
Start importing Assets/Scenes/HumanScene.unity using Guid(ec3f91e9aa41e454f9d08786fd35a177) Importer(815301076,1909f56bfc062723c751e8b465ee728b)  -> (artifact id: '456ac3c6086878f20314a7d5f9a49f23') in 0.001275 seconds
  Import took 0.004055 seconds .

========================================================================
Received Import Request.
  Time since last request: 5.894800 seconds.
  path: Assets/Scenes/ChildPushesDad.unity
  artifactKey: Guid(a11f55cdfbba2dc47b8bbfad6e82f799) Importer(815301076,1909f56bfc062723c751e8b465ee728b)
Start importing Assets/Scenes/ChildPushesDad.unity using Guid(a11f55cdfbba2dc47b8bbfad6e82f799) Importer(815301076,1909f56bfc062723c751e8b465ee728b)  -> (artifact id: '57a704711c8f4f59434774d6f8a6a891') in 0.001486 seconds
  Import took 0.004672 seconds .

========================================================================
Received Prepare
Refreshing native plugins compatible for Editor in 1.20 ms, found 1 plugins.
Preloading 0 native plugins for Editor in 0.00 ms.
Unloading 10 Unused Serialized files (Serialized files now loaded: 0)
System memory in use before: 51.9 MB.
System memory in use after: 51.9 MB.

Unloading 10 unused Assets to reduce memory usage. Loaded Objects now: 2405.
Total: 2.390100 ms (FindLiveObjects: 0.209400 ms CreateObjectMapping: 0.067800 ms MarkObjects: 2.021400 ms  DeleteObjects: 0.089800 ms)

========================================================================
Received Prepare
Registering precompiled user dll's ...
Registered in 0.000677 seconds.
Begin MonoManager ReloadAssembly
Native extension for WindowsStandalone target not found
Native extension for WebGL target not found
Refreshing native plugins compatible for Editor in 0.41 ms, found 1 plugins.
Preloading 0 native plugins for Editor in 0.00 ms.
Invoked RoslynAnalysisRunner static constructor.
RoslynAnalysisRunner will not be running.
RoslynAnalysisRunner has terminated.
Mono: successfully reloaded assembly
- Completed reload, in  0.821 seconds
Platform modules already initialized, skipping
Refreshing native plugins compatible for Editor in 0.38 ms, found 1 plugins.
Preloading 0 native plugins for Editor in 0.00 ms.
Unloading 1943 Unused Serialized files (Serialized files now loaded: 0)
System memory in use before: 90.5 MB.
System memory in use after: 90.5 MB.

Unloading 13 unused Assets to reduce memory usage. Loaded Objects now: 2408.
Total: 2.148700 ms (FindLiveObjects: 0.172300 ms CreateObjectMapping: 0.073000 ms MarkObjects: 1.814000 ms  DeleteObjects: 0.088000 ms)

========================================================================
Received Prepare
Registering precompiled user dll's ...
Registered in 0.001161 seconds.
Begin MonoManager ReloadAssembly
Native extension for WindowsStandalone target not found
Native extension for WebGL target not found
Refreshing native plugins compatible for Editor in 0.58 ms, found 1 plugins.
Preloading 0 native plugins for Editor in 0.00 ms.
Invoked RoslynAnalysisRunner static constructor.
RoslynAnalysisRunner will not be running.
RoslynAnalysisRunner has terminated.
Mono: successfully reloaded assembly
- Completed reload, in  0.842 seconds
Platform modules already initialized, skipping
Refreshing native plugins compatible for Editor in 0.35 ms, found 1 plugins.
Preloading 0 native plugins for Editor in 0.00 ms.
Unloading 1943 Unused Serialized files (Serialized files now loaded: 0)
System memory in use before: 90.7 MB.
System memory in use after: 90.7 MB.

Unloading 13 unused Assets to reduce memory usage. Loaded Objects now: 2411.
Total: 1.946000 ms (FindLiveObjects: 0.175200 ms CreateObjectMapping: 0.077600 ms MarkObjects: 1.598900 ms  DeleteObjects: 0.093200 ms)

========================================================================
Received Prepare
Refreshing native plugins compatible for Editor in 1.31 ms, found 1 plugins.
Preloading 0 native plugins for Editor in 0.00 ms.
Unloading 10 Unused Serialized files (Serialized files now loaded: 0)
System memory in use before: 52.6 MB.
System memory in use after: 52.6 MB.

Unloading 10 unused Assets to reduce memory usage. Loaded Objects now: 2411.
Total: 2.366900 ms (FindLiveObjects: 0.246100 ms CreateObjectMapping: 0.111200 ms MarkObjects: 1.916700 ms  DeleteObjects: 0.090800 ms)

AssetImportWorkerClient::OnTransportError - code=2 error=End of file
